0 verbose cli C:\Program Files\nodejs\node.exe C:\Users\hp\AppData\Roaming\npm\node_modules\npm\bin\npm-cli.js
1 info using npm@10.2.5
2 info using node@v20.10.0
3 timing npm:load:whichnode Completed in 4ms
4 timing config:load:defaults Completed in 4ms
5 timing config:load:file:C:\Users\hp\AppData\Roaming\npm\node_modules\npm\npmrc Completed in 6ms
6 timing config:load:builtin Completed in 7ms
7 timing config:load:cli Completed in 3ms
8 timing config:load:env Completed in 1ms
9 timing config:load:project Completed in 2ms
10 timing config:load:file:C:\Users\hp\.npmrc Completed in 2ms
11 timing config:load:user Completed in 2ms
12 timing config:load:file:C:\Users\hp\AppData\Roaming\npm\etc\npmrc Completed in 1ms
13 timing config:load:global Completed in 2ms
14 timing config:load:setEnvs Completed in 2ms
15 timing config:load Completed in 24ms
16 timing npm:load:configload Completed in 25ms
17 timing config:load:flatten Completed in 3ms
18 timing npm:load:mkdirpcache Completed in 0ms
19 timing npm:load:mkdirplogs Completed in 1ms
20 verbose title npm run dev
21 verbose argv "run" "dev"
22 timing npm:load:setTitle Completed in 1ms
23 timing npm:load:display Completed in 1ms
24 verbose logfile logs-max:10 dir:C:\Users\hp\Desktop\Prctice All\mern-ecommerce-a2\UsershpAppDataRoamingnpm-cache\_logs\2024-01-25T05_38_10_819Z-
25 verbose logfile C:\Users\hp\Desktop\Prctice All\mern-ecommerce-a2\UsershpAppDataRoamingnpm-cache\_logs\2024-01-25T05_38_10_819Z-debug-0.log
26 timing npm:load:logFile Completed in 18ms
27 timing npm:load:timers Completed in 0ms
28 timing npm:load:configScope Completed in 1ms
29 timing npm:load Completed in 96ms
30 timing command:run Completed in 309ms
31 verbose stack Error: Could not read package.json: Error: ENOENT: no such file or directory, open 'C:\Users\hp\package.json'
32 verbose cwd C:\Users\hp\Desktop\Prctice All\mern-ecommerce-a2
33 verbose Windows_NT 10.0.22621
34 verbose node v20.10.0
35 verbose npm  v10.2.5
36 error code ENOENT
37 error syscall open
38 error path C:\Users\hp\package.json
39 error errno -4058
40 error enoent Could not read package.json: Error: ENOENT: no such file or directory, open 'C:\Users\hp\package.json'
41 error enoent This is related to npm not being able to find a file.
41 error enoent
42 verbose exit -4058
43 timing npm Completed in 533ms
44 verbose code -4058
45 error A complete log of this run can be found in: C:\Users\hp\Desktop\Prctice All\mern-ecommerce-a2\UsershpAppDataRoamingnpm-cache\_logs\2024-01-25T05_38_10_819Z-debug-0.log
